  imgui_demo.cpp
  FPSComponent.cpp
  GameObject.cpp
  PlayerComponent.cpp
  InputManager.cpp
  KillCommand.cpp
  Main.cpp
  Minigin.cpp
  PlayerLivesDisplay.cpp
  PlayerScoreDisplay.cpp
  RenderComponent.cpp
  Renderer.cpp
  ResourceManager.cpp
  Scene.cpp
  SceneManager.cpp
  ScoreCommand.cpp
  Subject.cpp
  TextComponent.cpp
     Creating library C:\Users\timve\Documents\Programming\Programming 4\Engine\MommymilkersEngine\Win32\Release\Minigin.lib and object C:\Users\timve\Documents\Programming\Programming 4\Engine\MommymilkersEngine\Win32\Release\Minigin.exp
  Generating code
  378 of 2532 functions (14.9%) were compiled, the rest were copied from previous compilation.
    190 functions were new in current compilation
    138 functions had inline decision re-evaluated but remain unchanged
  Finished generating code
  Minigin.vcxproj -> C:\Users\timve\Documents\Programming\Programming 4\Engine\MommymilkersEngine\Win32\Release\Minigin.exe
  C:\Users\timve\Documents\Programming\Programming 4\Engine\MommymilkersEngine\3rdParty\SDL2\lib\x86\SDL2.dll
  1 File(s) copied
  C:\Users\timve\Documents\Programming\Programming 4\Engine\MommymilkersEngine\3rdParty\SDL2_image\lib\x86\libjpeg-9.dll
  C:\Users\timve\Documents\Programming\Programming 4\Engine\MommymilkersEngine\3rdParty\SDL2_image\lib\x86\libpng16-16.dll
  C:\Users\timve\Documents\Programming\Programming 4\Engine\MommymilkersEngine\3rdParty\SDL2_image\lib\x86\libtiff-5.dll
  C:\Users\timve\Documents\Programming\Programming 4\Engine\MommymilkersEngine\3rdParty\SDL2_image\lib\x86\libwebp-7.dll
  C:\Users\timve\Documents\Programming\Programming 4\Engine\MommymilkersEngine\3rdParty\SDL2_image\lib\x86\SDL2_image.dll
  C:\Users\timve\Documents\Programming\Programming 4\Engine\MommymilkersEngine\3rdParty\SDL2_image\lib\x86\zlib1.dll
  6 File(s) copied
  C:\Users\timve\Documents\Programming\Programming 4\Engine\MommymilkersEngine\3rdParty\SDL2_ttf\lib\x86\libfreetype-6.dll
  C:\Users\timve\Documents\Programming\Programming 4\Engine\MommymilkersEngine\3rdParty\SDL2_ttf\lib\x86\SDL2_ttf.dll
  2 File(s) copied
