c:\users\timve\documents\programming\programming 4\engine\mommymilkersengine\minigin\win32\release\vc142.pdb
c:\users\timve\documents\programming\programming 4\engine\mommymilkersengine\minigin\win32\release\transform.obj
c:\users\timve\documents\programming\programming 4\engine\mommymilkersengine\minigin\win32\release\timemanager.obj
c:\users\timve\documents\programming\programming 4\engine\mommymilkersengine\minigin\win32\release\texture2d.obj
c:\users\timve\documents\programming\programming 4\engine\mommymilkersengine\minigin\win32\release\textcomponent.obj
c:\users\timve\documents\programming\programming 4\engine\mommymilkersengine\minigin\win32\release\scenemanager.obj
c:\users\timve\documents\programming\programming 4\engine\mommymilkersengine\minigin\win32\release\scene.obj
c:\users\timve\documents\programming\programming 4\engine\mommymilkersengine\minigin\win32\release\resourcemanager.obj
c:\users\timve\documents\programming\programming 4\engine\mommymilkersengine\minigin\win32\release\renderer.obj
c:\users\timve\documents\programming\programming 4\engine\mommymilkersengine\minigin\win32\release\rendercomponent.obj
c:\users\timve\documents\programming\programming 4\engine\mommymilkersengine\minigin\win32\release\physicscomponent.obj
c:\users\timve\documents\programming\programming 4\engine\mommymilkersengine\minigin\win32\release\minigin.obj
c:\users\timve\documents\programming\programming 4\engine\mommymilkersengine\minigin\win32\release\main.obj
c:\users\timve\documents\programming\programming 4\engine\mommymilkersengine\minigin\win32\release\inputmanager.obj
c:\users\timve\documents\programming\programming 4\engine\mommymilkersengine\minigin\win32\release\gameobject.obj
c:\users\timve\documents\programming\programming 4\engine\mommymilkersengine\minigin\win32\release\fpscomponent.obj
c:\users\timve\documents\programming\programming 4\engine\mommymilkersengine\minigin\win32\release\font.obj
c:\users\timve\documents\programming\programming 4\engine\mommymilkersengine\minigin\win32\release\component.obj
c:\users\timve\documents\programming\programming 4\engine\mommymilkersengine\minigin\win32\release\minigin.pch
c:\users\timve\documents\programming\programming 4\engine\mommymilkersengine\minigin\win32\release\miniginpch.obj
c:\users\timve\documents\programming\programming 4\engine\mommymilkersengine\minigin\win32\release\imgui_tables.obj
c:\users\timve\documents\programming\programming 4\engine\mommymilkersengine\minigin\win32\release\imgui_draw.obj
c:\users\timve\documents\programming\programming 4\engine\mommymilkersengine\minigin\win32\release\imgui_demo.obj
c:\users\timve\documents\programming\programming 4\engine\mommymilkersengine\minigin\win32\release\imgui.obj
c:\users\timve\documents\programming\programming 4\engine\mommymilkersengine\minigin\win32\release\imgui_impl_opengl2.obj
c:\users\timve\documents\programming\programming 4\engine\mommymilkersengine\minigin\win32\release\imgui_impl_sdl.obj
c:\users\timve\documents\programming\programming 4\engine\mommymilkersengine\win32\release\minigin.exe
c:\users\timve\documents\programming\programming 4\engine\mommymilkersengine\win32\release\minigin.pdb
c:\users\timve\documents\programming\programming 4\engine\mommymilkersengine\win32\release\minigin.lib
c:\users\timve\documents\programming\programming 4\engine\mommymilkersengine\win32\release\minigin.exp
c:\users\timve\documents\programming\programming 4\engine\mommymilkersengine\win32\release\minigin.ipdb
c:\users\timve\documents\programming\programming 4\engine\mommymilkersengine\win32\release\minigin.iobj
c:\users\timve\documents\programming\programming 4\engine\mommymilkersengine\minigin\win32\release\minigin.tlog\cl.command.1.tlog
c:\users\timve\documents\programming\programming 4\engine\mommymilkersengine\minigin\win32\release\minigin.tlog\cl.read.1.tlog
c:\users\timve\documents\programming\programming 4\engine\mommymilkersengine\minigin\win32\release\minigin.tlog\cl.write.1.tlog
c:\users\timve\documents\programming\programming 4\engine\mommymilkersengine\minigin\win32\release\minigin.tlog\link.command.1.tlog
c:\users\timve\documents\programming\programming 4\engine\mommymilkersengine\minigin\win32\release\minigin.tlog\link.read.1.tlog
c:\users\timve\documents\programming\programming 4\engine\mommymilkersengine\minigin\win32\release\minigin.tlog\link.write.1.tlog
c:\users\timve\documents\programming\programming 4\engine\mommymilkersengine\minigin\win32\release\minigin.tlog\minigin.write.1u.tlog
