  AudioQueue.cpp
     Creating library C:\Users\timve\Documents\Programming\Programming 4\Engine\MommymilkersEngine\x64\Release\Minigin.lib and object C:\Users\timve\Documents\Programming\Programming 4\Engine\MommymilkersEngine\x64\Release\Minigin.exp
  Generating code
  9 of 3541 functions ( 0.3%) were compiled, the rest were copied from previous compilation.
    0 functions were new in current compilation
    71 functions had inline decision re-evaluated but remain unchanged
  Finished generating code
  Minigin.vcxproj -> C:\Users\timve\Documents\Programming\Programming 4\Engine\MommymilkersEngine\x64\Release\Minigin.exe
  File not found - *.dll
  0 File(s) copied
  C:\Users\timve\Documents\Programming\Programming 4\Engine\MommymilkersEngine\3rdParty\SDL2_image\lib\x64\libjpeg-9.dll
  C:\Users\timve\Documents\Programming\Programming 4\Engine\MommymilkersEngine\3rdParty\SDL2_image\lib\x64\libpng16-16.dll
  C:\Users\timve\Documents\Programming\Programming 4\Engine\MommymilkersEngine\3rdParty\SDL2_image\lib\x64\libtiff-5.dll
  C:\Users\timve\Documents\Programming\Programming 4\Engine\MommymilkersEngine\3rdParty\SDL2_image\lib\x64\libwebp-7.dll
  C:\Users\timve\Documents\Programming\Programming 4\Engine\MommymilkersEngine\3rdParty\SDL2_image\lib\x64\SDL2_image.dll
  C:\Users\timve\Documents\Programming\Programming 4\Engine\MommymilkersEngine\3rdParty\SDL2_image\lib\x64\zlib1.dll
  6 File(s) copied
  C:\Users\timve\Documents\Programming\Programming 4\Engine\MommymilkersEngine\3rdParty\SDL2_ttf\lib\x64\libfreetype-6.dll
  C:\Users\timve\Documents\Programming\Programming 4\Engine\MommymilkersEngine\3rdParty\SDL2_ttf\lib\x64\SDL2_ttf.dll
  2 File(s) copied
  C:\Users\timve\Documents\Programming\Programming 4\Engine\MommymilkersEngine\3rdParty\SDL2_mixer-2.0.4\lib\x64\libFLAC-8.dll
  C:\Users\timve\Documents\Programming\Programming 4\Engine\MommymilkersEngine\3rdParty\SDL2_mixer-2.0.4\lib\x64\libmodplug-1.dll
  C:\Users\timve\Documents\Programming\Programming 4\Engine\MommymilkersEngine\3rdParty\SDL2_mixer-2.0.4\lib\x64\libmpg123-0.dll
  C:\Users\timve\Documents\Programming\Programming 4\Engine\MommymilkersEngine\3rdParty\SDL2_mixer-2.0.4\lib\x64\libogg-0.dll
  C:\Users\timve\Documents\Programming\Programming 4\Engine\MommymilkersEngine\3rdParty\SDL2_mixer-2.0.4\lib\x64\libopus-0.dll
  C:\Users\timve\Documents\Programming\Programming 4\Engine\MommymilkersEngine\3rdParty\SDL2_mixer-2.0.4\lib\x64\libopusfile-0.dll
  C:\Users\timve\Documents\Programming\Programming 4\Engine\MommymilkersEngine\3rdParty\SDL2_mixer-2.0.4\lib\x64\libvorbis-0.dll
  C:\Users\timve\Documents\Programming\Programming 4\Engine\MommymilkersEngine\3rdParty\SDL2_mixer-2.0.4\lib\x64\libvorbisfile-3.dll
  C:\Users\timve\Documents\Programming\Programming 4\Engine\MommymilkersEngine\3rdParty\SDL2_mixer-2.0.4\lib\x64\SDL2_mixer.dll
  9 File(s) copied
