c:\users\timve\documents\programming\programming 4\engine\mommymilkersengine\minigin\x64\debug\minigin.pch
c:\users\timve\documents\programming\programming 4\engine\mommymilkersengine\minigin\x64\debug\vc142.pdb
c:\users\timve\documents\programming\programming 4\engine\mommymilkersengine\minigin\x64\debug\vc142.idb
c:\users\timve\documents\programming\programming 4\engine\mommymilkersengine\minigin\x64\debug\miniginpch.obj
c:\users\timve\documents\programming\programming 4\engine\mommymilkersengine\minigin\x64\debug\imgui_widgets.obj
c:\users\timve\documents\programming\programming 4\engine\mommymilkersengine\minigin\x64\debug\imgui_tables.obj
c:\users\timve\documents\programming\programming 4\engine\mommymilkersengine\minigin\x64\debug\imgui_draw.obj
c:\users\timve\documents\programming\programming 4\engine\mommymilkersengine\minigin\x64\debug\imgui_demo.obj
c:\users\timve\documents\programming\programming 4\engine\mommymilkersengine\minigin\x64\debug\imgui.obj
c:\users\timve\documents\programming\programming 4\engine\mommymilkersengine\minigin\x64\debug\imgui_impl_sdl.obj
c:\users\timve\documents\programming\programming 4\engine\mommymilkersengine\minigin\x64\debug\imgui_impl_opengl2.obj
c:\users\timve\documents\programming\programming 4\engine\mommymilkersengine\minigin\x64\debug\texture2d.obj
c:\users\timve\documents\programming\programming 4\engine\mommymilkersengine\minigin\x64\debug\textcomponent.obj
c:\users\timve\documents\programming\programming 4\engine\mommymilkersengine\minigin\x64\debug\scorecommand.obj
c:\users\timve\documents\programming\programming 4\engine\mommymilkersengine\minigin\x64\debug\scenemanager.obj
c:\users\timve\documents\programming\programming 4\engine\mommymilkersengine\minigin\x64\debug\scene.obj
c:\users\timve\documents\programming\programming 4\engine\mommymilkersengine\minigin\x64\debug\resourcemanager.obj
c:\users\timve\documents\programming\programming 4\engine\mommymilkersengine\minigin\x64\debug\renderer.obj
c:\users\timve\documents\programming\programming 4\engine\mommymilkersengine\minigin\x64\debug\rendercomponent.obj
c:\users\timve\documents\programming\programming 4\engine\mommymilkersengine\minigin\x64\debug\playerscoredisplay.obj
c:\users\timve\documents\programming\programming 4\engine\mommymilkersengine\minigin\x64\debug\playerlivesdisplay.obj
c:\users\timve\documents\programming\programming 4\engine\mommymilkersengine\minigin\x64\debug\physicscomponent.obj
c:\users\timve\documents\programming\programming 4\engine\mommymilkersengine\minigin\x64\debug\main.obj
c:\users\timve\documents\programming\programming 4\engine\mommymilkersengine\minigin\x64\debug\killcommand.obj
c:\users\timve\documents\programming\programming 4\engine\mommymilkersengine\minigin\x64\debug\inputmanager.obj
c:\users\timve\documents\programming\programming 4\engine\mommymilkersengine\minigin\x64\debug\playercomponent.obj
c:\users\timve\documents\programming\programming 4\engine\mommymilkersengine\minigin\x64\debug\gameobject.obj
c:\users\timve\documents\programming\programming 4\engine\mommymilkersengine\minigin\x64\debug\fpscomponent.obj
c:\users\timve\documents\programming\programming 4\engine\mommymilkersengine\minigin\x64\debug\font.obj
c:\users\timve\documents\programming\programming 4\engine\mommymilkersengine\minigin\x64\debug\transform.obj
c:\users\timve\documents\programming\programming 4\engine\mommymilkersengine\minigin\x64\debug\timemanager.obj
c:\users\timve\documents\programming\programming 4\engine\mommymilkersengine\minigin\x64\debug\subject.obj
c:\users\timve\documents\programming\programming 4\engine\mommymilkersengine\minigin\x64\debug\minigin.obj
c:\users\timve\documents\programming\programming 4\engine\mommymilkersengine\x64\debug\minigin.exe
c:\users\timve\documents\programming\programming 4\engine\mommymilkersengine\x64\debug\minigin.ilk
c:\users\timve\documents\programming\programming 4\engine\mommymilkersengine\x64\debug\minigin.pdb
c:\users\timve\documents\programming\programming 4\engine\mommymilkersengine\x64\debug\minigin.lib
c:\users\timve\documents\programming\programming 4\engine\mommymilkersengine\x64\debug\minigin.exp
c:\users\timve\documents\programming\programming 4\engine\mommymilkersengine\minigin\x64\debug\minigin.tlog\cl.command.1.tlog
c:\users\timve\documents\programming\programming 4\engine\mommymilkersengine\minigin\x64\debug\minigin.tlog\cl.read.1.tlog
c:\users\timve\documents\programming\programming 4\engine\mommymilkersengine\minigin\x64\debug\minigin.tlog\cl.write.1.tlog
c:\users\timve\documents\programming\programming 4\engine\mommymilkersengine\minigin\x64\debug\minigin.tlog\link.command.1.tlog
c:\users\timve\documents\programming\programming 4\engine\mommymilkersengine\minigin\x64\debug\minigin.tlog\link.read.1.tlog
c:\users\timve\documents\programming\programming 4\engine\mommymilkersengine\minigin\x64\debug\minigin.tlog\link.write.1.tlog
c:\users\timve\documents\programming\programming 4\engine\mommymilkersengine\minigin\x64\debug\minigin.tlog\minigin.write.1u.tlog
