c:\users\timve\documents\programming\programming 4\engine\mommymilkersengine\minigin\win32\debug\minigin.pch
c:\users\timve\documents\programming\programming 4\engine\mommymilkersengine\minigin\win32\debug\vc142.pdb
c:\users\timve\documents\programming\programming 4\engine\mommymilkersengine\minigin\win32\debug\vc142.idb
c:\users\timve\documents\programming\programming 4\engine\mommymilkersengine\minigin\win32\debug\miniginpch.obj
c:\users\timve\documents\programming\programming 4\engine\mommymilkersengine\minigin\win32\debug\transform.obj
c:\users\timve\documents\programming\programming 4\engine\mommymilkersengine\minigin\win32\debug\texture2d.obj
c:\users\timve\documents\programming\programming 4\engine\mommymilkersengine\minigin\win32\debug\textobject.obj
c:\users\timve\documents\programming\programming 4\engine\mommymilkersengine\minigin\win32\debug\scenemanager.obj
c:\users\timve\documents\programming\programming 4\engine\mommymilkersengine\minigin\win32\debug\scene.obj
c:\users\timve\documents\programming\programming 4\engine\mommymilkersengine\minigin\win32\debug\resourcemanager.obj
c:\users\timve\documents\programming\programming 4\engine\mommymilkersengine\minigin\win32\debug\renderer.obj
c:\users\timve\documents\programming\programming 4\engine\mommymilkersengine\minigin\win32\debug\minigin.obj
c:\users\timve\documents\programming\programming 4\engine\mommymilkersengine\minigin\win32\debug\main.obj
c:\users\timve\documents\programming\programming 4\engine\mommymilkersengine\minigin\win32\debug\inputmanager.obj
c:\users\timve\documents\programming\programming 4\engine\mommymilkersengine\minigin\win32\debug\gameobject.obj
c:\users\timve\documents\programming\programming 4\engine\mommymilkersengine\minigin\win32\debug\font.obj
c:\users\timve\documents\programming\programming 4\engine\mommymilkersengine\win32\debug\minigin.ilk
c:\users\timve\documents\programming\programming 4\engine\mommymilkersengine\win32\debug\minigin.exe
c:\users\timve\documents\programming\programming 4\engine\mommymilkersengine\win32\debug\minigin.pdb
c:\users\timve\documents\programming\programming 4\engine\mommymilkersengine\win32\debug\minigin.lib
c:\users\timve\documents\programming\programming 4\engine\mommymilkersengine\win32\debug\minigin.exp
c:\users\timve\documents\programming\programming 4\engine\mommymilkersengine\minigin\win32\debug\minigin.tlog\cl.command.1.tlog
c:\users\timve\documents\programming\programming 4\engine\mommymilkersengine\minigin\win32\debug\minigin.tlog\cl.read.1.tlog
c:\users\timve\documents\programming\programming 4\engine\mommymilkersengine\minigin\win32\debug\minigin.tlog\cl.write.1.tlog
c:\users\timve\documents\programming\programming 4\engine\mommymilkersengine\minigin\win32\debug\minigin.tlog\link.command.1.tlog
c:\users\timve\documents\programming\programming 4\engine\mommymilkersengine\minigin\win32\debug\minigin.tlog\link.read.1.tlog
c:\users\timve\documents\programming\programming 4\engine\mommymilkersengine\minigin\win32\debug\minigin.tlog\link.write.1.tlog
c:\users\timve\documents\programming\programming 4\engine\mommymilkersengine\minigin\win32\debug\minigin.tlog\minigin.write.1u.tlog
